
26/12/2023 14:02:07 PagSeguro.Session[info]: Begin
26/12/2023 14:02:07 PagSeguro.Session[info]: POST: https://ws.sandbox.pagseguro.uol.com.br/v2/sessions?email=naldoads14%40outlook.com&token=2FB2A98292F14CB8BE7736ECEAF4D386
26/12/2023 14:02:08 PagSeguro.Session[info]: Session ID: 63cadf859c534d33a31982269bcd3d78
26/12/2023 14:04:03 PagSeguro.Session[info]: Begin
26/12/2023 14:04:03 PagSeguro.Session[info]: POST: https://ws.sandbox.pagseguro.uol.com.br/v2/sessions?email=naldoads14%40outlook.com&token=2FB2A98292F14CB8BE7736ECEAF4D386
26/12/2023 14:04:05 PagSeguro.Session[info]: Session ID: e27c2baad28a4f2c858aa63316e2d450
26/12/2023 14:23:02 PagSeguro.Session[info]: Begin
26/12/2023 14:23:02 PagSeguro.Session[info]: POST: https://ws.sandbox.pagseguro.uol.com.br/v2/sessions?email=naldoads14%40outlook.com&token=2FB2A98292F14CB8BE7736ECEAF4D386
26/12/2023 14:23:03 PagSeguro.Session[info]: Session ID: 5698eb6bdd4a44fca61643bdd4b870e7
26/12/2023 14:28:24 PagSeguro.Session[info]: Begin
26/12/2023 14:28:24 PagSeguro.Session[info]: POST: https://ws.sandbox.pagseguro.uol.com.br/v2/sessions?email=naldoads14%40outlook.com&token=2FB2A98292F14CB8BE7736ECEAF4D386
26/12/2023 14:28:25 PagSeguro.Session[info]: Session ID: 11846a39fa124cefbd22c4d3fa48530f
26/12/2023 14:29:28 PagSeguro.Session[info]: Begin
26/12/2023 14:29:28 PagSeguro.Session[info]: POST: https://ws.sandbox.pagseguro.uol.com.br/v2/sessions?email=naldoads14%40outlook.com&token=2FB2A98292F14CB8BE7736ECEAF4D386
26/12/2023 14:29:29 PagSeguro.Session[info]: Session ID: 17c79fca3fd64f28b1cf582e173b08d4
26/12/2023 14:34:00 PagSeguro.Session[info]: Begin
26/12/2023 14:34:00 PagSeguro.Session[info]: POST: https://ws.sandbox.pagseguro.uol.com.br/v2/sessions?email=naldoads14%40outlook.com&token=2FB2A98292F14CB8BE7736ECEAF4D386
26/12/2023 14:34:02 PagSeguro.Session[info]: Session ID: d152a36d4a7e41eb83a31bceb4517dd3
26/12/2023 14:35:28 PagSeguro.Session[info]: Begin
26/12/2023 14:35:28 PagSeguro.Session[info]: POST: https://ws.sandbox.pagseguro.uol.com.br/v2/sessions?email=naldoads14%40outlook.com&token=2FB2A98292F14CB8BE7736ECEAF4D386
26/12/2023 14:35:29 PagSeguro.Session[info]: Session ID: 0b9d3906bfd248bfaf6fa9a9a7362a73
26/12/2023 14:37:53 PagSeguro.Session[info]: Begin
26/12/2023 14:37:53 PagSeguro.Session[info]: POST: https://ws.sandbox.pagseguro.uol.com.br/v2/sessions?email=naldoads14%40outlook.com&token=2FB2A98292F14CB8BE7736ECEAF4D386
26/12/2023 14:37:55 PagSeguro.Session[info]: Session ID: 280f08b89ac649e491038d7446f58cfa
26/12/2023 14:40:34 PagSeguro.Session[info]: Begin
26/12/2023 14:40:34 PagSeguro.Session[info]: POST: https://ws.sandbox.pagseguro.uol.com.br/v2/sessions?email=naldoads14%40outlook.com&token=2FB2A98292F14CB8BE7736ECEAF4D386
26/12/2023 14:40:34 PagSeguro.Session[error]: Internal Server Error
26/12/2023 14:40:41 PagSeguro.Session[info]: Begin
26/12/2023 14:40:41 PagSeguro.Session[info]: POST: https://ws.sandbox.pagseguro.uol.com.br/v2/sessions?email=naldoads14%40outlook.com&token=2FB2A98292F14CB8BE7736ECEAF4D386
26/12/2023 14:40:42 PagSeguro.Session[info]: Session ID: ce7d7c927a4049978f28dde8a63eb010
26/12/2023 14:46:34 PagSeguro.Session[info]: Begin
26/12/2023 14:46:34 PagSeguro.Session[info]: POST: https://ws.sandbox.pagseguro.uol.com.br/v2/sessions?email=naldoads14%40outlook.com&token=2FB2A98292F14CB8BE7736ECEAF4D386
26/12/2023 14:46:35 PagSeguro.Session[info]: Session ID: c3083916f2ef433e8650fe7c54d04b57
26/12/2023 14:57:58 PagSeguro.Session[info]: Begin
26/12/2023 14:57:58 PagSeguro.Session[info]: POST: https://ws.sandbox.pagseguro.uol.com.br/v2/sessions?email=naldoads14%40outlook.com&token=2FB2A98292F14CB8BE7736ECEAF4D386
26/12/2023 14:57:59 PagSeguro.Session[info]: Session ID: c9adbdbfd7454a7694f3a1b1bec78ad4
26/12/2023 14:58:36 PagSeguro.Session[info]: Begin
26/12/2023 14:58:36 PagSeguro.Session[info]: POST: https://ws.sandbox.pagseguro.uol.com.br/v2/sessions?email=naldoads14%40outlook.com&token=2FB2A98292F14CB8BE7736ECEAF4D386
26/12/2023 14:58:37 PagSeguro.Session[info]: Session ID: ff7cb0066a0e47818d7b7a86afd743ee
26/12/2023 14:59:04 PagSeguro.DirectPayment.CreditCard[info]: Begin
26/12/2023 14:59:04 PagSeguro.DirectPayment.CreditCard[info]: POST: https://ws.sandbox.pagseguro.uol.com.br/v2/transactions/?email=naldoads14%40outlook.com&token=2FB2A98292F14CB8BE7736ECEAF4D386
26/12/2023 14:59:04 PagSeguro.Checkout[info]: Params: {"reference":"PED_51","billingAddressStreet":"Rua Projetada, 02","billingAddressNumber":"201","billingAddressComplement":"Apt. 100","billingAddressCity":"Serra","billingAddressState":"ES","billingAddressDistrict":"Porto canoa","billingAddressPostalCode":"29168602","billingAddressCountry":"BRA","currency":"BRL","creditCardHolderName":"Cliente Teste Cliente Teste","creditCardHolderBirthDate":"01\/01\/1980","creditCardHolderAreaCode":27,"creditCardHolderPhone":999999999,"creditCardHolderCPF":"11111111111","installmentQuantity":"12","installmentValue":"502.00","itemId1":1,"itemDescription1":"Notebook","itemQuantity1":1,"itemAmount1":"5000.00","paymentMethod":"creditCard","paymentMode":"DEFAULT","senderName":"Cliente Teste Cliente Teste","senderEmail":"cliente@cliente.com","senderAreaCode":27,"senderPhone":"(**) 99999-****","senderCPF":"111.***.***-**","senderHash":"e3f08345dec66df86b8f8f8a18e85917e2b5ea30dbe6f081f9f445104faa60a6","shippingAddressStreet":"Rua Projetada, 02","shippingAddressNumber":"201","shippingAddressComplement":"Apt. 100","shippingAddressCity":"Serra","shippingAddressState":"ES","shippingAddressDistrict":"Porto canoa","shippingAddressPostalCode":"29168602","shippingAddressCountry":"BRA","creditCardToken":"f1b237f9dc4543af8c470d4b21d54eee"}
26/12/2023 14:59:10 PagSeguro.DirectPayment.CreditCard[info]: Credit Card Payment Code: 8990FAB4-B48A-4C92-9AE0-2D083580BB8C
26/12/2023 14:59:13 PagSeguro.DirectPayment.CreditCard[info]: Begin
26/12/2023 14:59:13 PagSeguro.DirectPayment.CreditCard[info]: POST: https://ws.sandbox.pagseguro.uol.com.br/v2/transactions/?email=naldoads14%40outlook.com&token=2FB2A98292F14CB8BE7736ECEAF4D386
26/12/2023 14:59:13 PagSeguro.Checkout[info]: Params: {"reference":"PED_52","billingAddressStreet":"Rua Projetada, 02","billingAddressNumber":"201","billingAddressComplement":"Apt. 100","billingAddressCity":"Serra","billingAddressState":"ES","billingAddressDistrict":"Porto canoa","billingAddressPostalCode":"29168602","billingAddressCountry":"BRA","currency":"BRL","creditCardHolderName":"Cliente Teste Cliente Teste","creditCardHolderBirthDate":"01\/01\/1980","creditCardHolderAreaCode":27,"creditCardHolderPhone":999999999,"creditCardHolderCPF":"11111111111","installmentQuantity":"12","installmentValue":"502.00","itemId1":1,"itemDescription1":"Notebook","itemQuantity1":1,"itemAmount1":"5000.00","paymentMethod":"creditCard","paymentMode":"DEFAULT","senderName":"Cliente Teste Cliente Teste","senderEmail":"cliente@cliente.com","senderAreaCode":27,"senderPhone":"(**) 99999-****","senderCPF":"111.***.***-**","senderHash":"e3f08345dec66df86b8f8f8a18e85917e2b5ea30dbe6f081f9f445104faa60a6","shippingAddressStreet":"Rua Projetada, 02","shippingAddressNumber":"201","shippingAddressComplement":"Apt. 100","shippingAddressCity":"Serra","shippingAddressState":"ES","shippingAddressDistrict":"Porto canoa","shippingAddressPostalCode":"29168602","shippingAddressCountry":"BRA","creditCardToken":"8d82cbfb7043457f878f6fdc745206e3"}
26/12/2023 14:59:18 PagSeguro.DirectPayment.CreditCard[info]: Credit Card Payment Code: A1FA3F0C-6173-41E4-B64E-1CA6F49D2C4D
26/12/2023 14:59:51 PagSeguro.Session[info]: Begin
26/12/2023 14:59:51 PagSeguro.Session[info]: POST: https://ws.sandbox.pagseguro.uol.com.br/v2/sessions?email=naldoads14%40outlook.com&token=2FB2A98292F14CB8BE7736ECEAF4D386
26/12/2023 14:59:52 PagSeguro.Session[info]: Session ID: 484aaf41ec0d484baf68f41eba8286de
26/12/2023 15:00:10 PagSeguro.DirectPayment.CreditCard[info]: Begin
26/12/2023 15:00:10 PagSeguro.DirectPayment.CreditCard[info]: POST: https://ws.sandbox.pagseguro.uol.com.br/v2/transactions/?email=naldoads14%40outlook.com&token=2FB2A98292F14CB8BE7736ECEAF4D386
26/12/2023 15:00:10 PagSeguro.Checkout[info]: Params: {"reference":"PED_53","billingAddressStreet":"Rua Projetada, 02","billingAddressNumber":"201","billingAddressComplement":"Apt. 100","billingAddressCity":"Serra","billingAddressState":"ES","billingAddressDistrict":"Porto canoa","billingAddressPostalCode":"29168602","billingAddressCountry":"BRA","currency":"BRL","creditCardHolderName":"Cliente Teste Cliente Teste","creditCardHolderBirthDate":"01\/01\/1980","creditCardHolderAreaCode":27,"creditCardHolderPhone":999999999,"creditCardHolderCPF":"11111111111","installmentQuantity":"12","installmentValue":"502.00","itemId1":1,"itemDescription1":"Notebook","itemQuantity1":1,"itemAmount1":"5000.00","paymentMethod":"creditCard","paymentMode":"DEFAULT","senderName":"Cliente Teste Cliente Teste","senderEmail":"cliente@cliente.com","senderAreaCode":27,"senderPhone":"(**) 99999-****","senderCPF":"111.***.***-**","senderHash":"7a49df4a4ad7e9e2b24bd370df05ed46c1da242aacf7ea4487b24d98f695ca47","shippingAddressStreet":"Rua Projetada, 02","shippingAddressNumber":"201","shippingAddressComplement":"Apt. 100","shippingAddressCity":"Serra","shippingAddressState":"ES","shippingAddressDistrict":"Porto canoa","shippingAddressPostalCode":"29168602","shippingAddressCountry":"BRA","creditCardToken":"00d244c132f8488387d67e1dc07d4131"}
26/12/2023 15:00:16 PagSeguro.DirectPayment.CreditCard[info]: Credit Card Payment Code: D5C4AFE5-3E2B-40F5-B4CF-A232483FDC23
26/12/2023 15:00:18 PagSeguro.DirectPayment.CreditCard[info]: Begin
26/12/2023 15:00:18 PagSeguro.DirectPayment.CreditCard[info]: POST: https://ws.sandbox.pagseguro.uol.com.br/v2/transactions/?email=naldoads14%40outlook.com&token=2FB2A98292F14CB8BE7736ECEAF4D386
26/12/2023 15:00:18 PagSeguro.Checkout[info]: Params: {"reference":"PED_54","billingAddressStreet":"Rua Projetada, 02","billingAddressNumber":"201","billingAddressComplement":"Apt. 100","billingAddressCity":"Serra","billingAddressState":"ES","billingAddressDistrict":"Porto canoa","billingAddressPostalCode":"29168602","billingAddressCountry":"BRA","currency":"BRL","creditCardHolderName":"Cliente Teste Cliente Teste","creditCardHolderBirthDate":"01\/01\/1980","creditCardHolderAreaCode":27,"creditCardHolderPhone":999999999,"creditCardHolderCPF":"11111111111","installmentQuantity":"12","installmentValue":"502.00","itemId1":1,"itemDescription1":"Notebook","itemQuantity1":1,"itemAmount1":"5000.00","paymentMethod":"creditCard","paymentMode":"DEFAULT","senderName":"Cliente Teste Cliente Teste","senderEmail":"cliente@cliente.com","senderAreaCode":27,"senderPhone":"(**) 99999-****","senderCPF":"111.***.***-**","senderHash":"7a49df4a4ad7e9e2b24bd370df05ed46c1da242aacf7ea4487b24d98f695ca47","shippingAddressStreet":"Rua Projetada, 02","shippingAddressNumber":"201","shippingAddressComplement":"Apt. 100","shippingAddressCity":"Serra","shippingAddressState":"ES","shippingAddressDistrict":"Porto canoa","shippingAddressPostalCode":"29168602","shippingAddressCountry":"BRA","creditCardToken":"26db531fade84415a5d3789b6d9c8a0d"}
26/12/2023 15:00:23 PagSeguro.DirectPayment.CreditCard[info]: Credit Card Payment Code: B7014E4B-2A5D-40DB-8514-4ABD8B362461
26/12/2023 15:01:16 PagSeguro.Session[info]: Begin
26/12/2023 15:01:16 PagSeguro.Session[info]: POST: https://ws.sandbox.pagseguro.uol.com.br/v2/sessions?email=naldoads14%40outlook.com&token=2FB2A98292F14CB8BE7736ECEAF4D386
26/12/2023 15:01:17 PagSeguro.Session[info]: Session ID: d0d353ec08764c76a48d057ce1b06e89
26/12/2023 15:01:37 PagSeguro.DirectPayment.CreditCard[info]: Begin
26/12/2023 15:01:37 PagSeguro.DirectPayment.CreditCard[info]: POST: https://ws.sandbox.pagseguro.uol.com.br/v2/transactions/?email=naldoads14%40outlook.com&token=2FB2A98292F14CB8BE7736ECEAF4D386
26/12/2023 15:01:37 PagSeguro.Checkout[info]: Params: {"reference":"PED_55","billingAddressStreet":"Rua Projetada, 02","billingAddressNumber":"201","billingAddressComplement":"Apt. 100","billingAddressCity":"Serra","billingAddressState":"ES","billingAddressDistrict":"Porto canoa","billingAddressPostalCode":"29168602","billingAddressCountry":"BRA","currency":"BRL","creditCardHolderName":"Cliente Teste Cliente Teste","creditCardHolderBirthDate":"01\/01\/1980","creditCardHolderAreaCode":27,"creditCardHolderPhone":999999999,"creditCardHolderCPF":"11111111111","installmentQuantity":"1","installmentValue":"10.00","itemId1":2,"itemDescription1":"Produto 2","itemQuantity1":1,"itemAmount1":"10.00","paymentMethod":"creditCard","paymentMode":"DEFAULT","senderName":"Cliente Teste Cliente Teste","senderEmail":"cliente@cliente.com","senderAreaCode":27,"senderPhone":"(**) 99999-****","senderCPF":"111.***.***-**","senderHash":"c1e31c473bc2a619d09b5ef12a8317ec7e9b1447b9b0b97b4f2c03b27b0527f8","shippingAddressStreet":"Rua Projetada, 02","shippingAddressNumber":"201","shippingAddressComplement":"Apt. 100","shippingAddressCity":"Serra","shippingAddressState":"ES","shippingAddressDistrict":"Porto canoa","shippingAddressPostalCode":"29168602","shippingAddressCountry":"BRA","creditCardToken":"48acaf84dcf342598ae0c369569219e8"}
26/12/2023 15:01:41 PagSeguro.DirectPayment.CreditCard[info]: Credit Card Payment Code: 36047FDC-316E-4A98-819A-3B437A76A36E
26/12/2023 15:02:21 PagSeguro.Session[info]: Begin
26/12/2023 15:02:21 PagSeguro.Session[info]: POST: https://ws.sandbox.pagseguro.uol.com.br/v2/sessions?email=naldoads14%40outlook.com&token=2FB2A98292F14CB8BE7736ECEAF4D386
26/12/2023 15:02:23 PagSeguro.Session[info]: Session ID: 486cd1b34d194995b423ad48990092dc
26/12/2023 15:02:59 PagSeguro.DirectPayment.CreditCard[info]: Begin
26/12/2023 15:02:59 PagSeguro.DirectPayment.CreditCard[info]: POST: https://ws.sandbox.pagseguro.uol.com.br/v2/transactions/?email=naldoads14%40outlook.com&token=2FB2A98292F14CB8BE7736ECEAF4D386
26/12/2023 15:02:59 PagSeguro.Checkout[info]: Params: {"reference":"PED_56","billingAddressStreet":"Rua Projetada, 02","billingAddressNumber":"201","billingAddressComplement":"Apt. 100","billingAddressCity":"Serra","billingAddressState":"ES","billingAddressDistrict":"Porto canoa","billingAddressPostalCode":"29168602","billingAddressCountry":"BRA","currency":"BRL","creditCardHolderName":"Cliente Teste Cliente Teste","creditCardHolderBirthDate":"01\/01\/1980","creditCardHolderAreaCode":27,"creditCardHolderPhone":999999999,"creditCardHolderCPF":"11111111111","installmentQuantity":"1","installmentValue":"10.00","itemId1":2,"itemDescription1":"Produto 2","itemQuantity1":1,"itemAmount1":"10.00","paymentMethod":"creditCard","paymentMode":"DEFAULT","senderName":"Cliente Teste Cliente Teste","senderEmail":"cliente@cliente.com","senderAreaCode":27,"senderPhone":"(**) 99999-****","senderCPF":"111.***.***-**","senderHash":"e769e308b6bbc0f01c1786cadc6f4f6406c92169a3f0240efb5d8b5926b943a6","shippingAddressStreet":"Rua Projetada, 02","shippingAddressNumber":"201","shippingAddressComplement":"Apt. 100","shippingAddressCity":"Serra","shippingAddressState":"ES","shippingAddressDistrict":"Porto canoa","shippingAddressPostalCode":"29168602","shippingAddressCountry":"BRA","creditCardToken":"5b734b6335be4127ae24523a34e6eb7c"}
26/12/2023 15:03:04 PagSeguro.DirectPayment.CreditCard[info]: Credit Card Payment Code: 2E871484-B43A-4BEB-99C3-BFD8599D2780
26/12/2023 15:03:45 PagSeguro.Session[info]: Begin
26/12/2023 15:03:45 PagSeguro.Session[info]: POST: https://ws.sandbox.pagseguro.uol.com.br/v2/sessions?email=naldoads14%40outlook.com&token=2FB2A98292F14CB8BE7736ECEAF4D386
26/12/2023 15:03:46 PagSeguro.Session[info]: Session ID: 27702b54e189490c8decd0970b66a70e
26/12/2023 15:04:06 PagSeguro.DirectPayment.CreditCard[info]: Begin
26/12/2023 15:04:06 PagSeguro.DirectPayment.CreditCard[info]: POST: https://ws.sandbox.pagseguro.uol.com.br/v2/transactions/?email=naldoads14%40outlook.com&token=2FB2A98292F14CB8BE7736ECEAF4D386
26/12/2023 15:04:06 PagSeguro.Checkout[info]: Params: {"reference":"PED_57","billingAddressStreet":"Rua Projetada, 02","billingAddressNumber":"201","billingAddressComplement":"Apt. 100","billingAddressCity":"Serra","billingAddressState":"ES","billingAddressDistrict":"Porto canoa","billingAddressPostalCode":"29168602","billingAddressCountry":"BRA","currency":"BRL","creditCardHolderName":"Cliente Teste Cliente Teste","creditCardHolderBirthDate":"01\/01\/1980","creditCardHolderAreaCode":27,"creditCardHolderPhone":999999999,"creditCardHolderCPF":"11111111111","installmentQuantity":"1","installmentValue":"10.00","itemId1":2,"itemDescription1":"Produto 2","itemQuantity1":1,"itemAmount1":"10.00","paymentMethod":"creditCard","paymentMode":"DEFAULT","senderName":"Cliente Teste Cliente Teste","senderEmail":"cliente@cliente.com","senderAreaCode":27,"senderPhone":"(**) 99999-****","senderCPF":"111.***.***-**","senderHash":"b957ddcc8eee87beec95af8d536288607b25aebc36ed47ab4546d832e3c87d4c","shippingAddressStreet":"Rua Projetada, 02","shippingAddressNumber":"201","shippingAddressComplement":"Apt. 100","shippingAddressCity":"Serra","shippingAddressState":"ES","shippingAddressDistrict":"Porto canoa","shippingAddressPostalCode":"29168602","shippingAddressCountry":"BRA","creditCardToken":"e12f6f47e3024ce1867cdb38f1c689ae"}
26/12/2023 15:04:11 PagSeguro.DirectPayment.CreditCard[info]: Credit Card Payment Code: 79BBEE32-215E-4283-842C-004F1ED0B72C
26/12/2023 15:11:05 PagSeguro.Session[info]: Begin
26/12/2023 15:11:05 PagSeguro.Session[info]: POST: https://ws.sandbox.pagseguro.uol.com.br/v2/sessions?email=naldoads14%40outlook.com&token=2FB2A98292F14CB8BE7736ECEAF4D386
26/12/2023 15:11:06 PagSeguro.Session[info]: Session ID: 9e5e5e3add3b47bab266488d704d6abb
26/12/2023 15:11:33 PagSeguro.DirectPayment.CreditCard[info]: Begin
26/12/2023 15:11:33 PagSeguro.DirectPayment.CreditCard[info]: POST: https://ws.sandbox.pagseguro.uol.com.br/v2/transactions/?email=naldoads14%40outlook.com&token=2FB2A98292F14CB8BE7736ECEAF4D386
26/12/2023 15:11:33 PagSeguro.Checkout[info]: Params: {"reference":"PED_58","billingAddressStreet":"Rua Projetada, 02","billingAddressNumber":"201","billingAddressComplement":"Apt. 100","billingAddressCity":"Serra","billingAddressState":"ES","billingAddressDistrict":"Porto canoa","billingAddressPostalCode":"29168602","billingAddressCountry":"BRA","currency":"BRL","creditCardHolderName":"Cliente Teste 02 Cliente Teste 02","creditCardHolderBirthDate":"01\/01\/1980","creditCardHolderAreaCode":27,"creditCardHolderPhone":999999999,"creditCardHolderCPF":"22222222222","installmentQuantity":"1","installmentValue":"20.00","itemId1":6,"itemDescription1":"Produto 6","itemQuantity1":1,"itemAmount1":"10.00","itemId2":4,"itemDescription2":"Produto 4","itemQuantity2":1,"itemAmount2":"10.00","paymentMethod":"creditCard","paymentMode":"DEFAULT","senderName":"Cliente Teste 02 Cliente Teste 02","senderEmail":"cliente@cliente02.com","senderAreaCode":27,"senderPhone":"(**) 99999-****","senderCPF":"222.***.***-**","senderHash":"f770e150757d97dd22b207d30f9df47128c83376e48f5d674f8bbbd70cde0fb7","shippingAddressStreet":"Rua Projetada, 02","shippingAddressNumber":"201","shippingAddressComplement":"Apt. 100","shippingAddressCity":"Serra","shippingAddressState":"ES","shippingAddressDistrict":"Porto canoa","shippingAddressPostalCode":"29168602","shippingAddressCountry":"BRA","creditCardToken":"3c12b16af1304a7f92553752bdb424bc"}
26/12/2023 15:11:38 PagSeguro.DirectPayment.CreditCard[info]: Credit Card Payment Code: 28A28910-D372-4FFC-A9E5-6CBBCDD79CD8
26/12/2023 15:33:11 PagSeguro.Session[info]: Begin
26/12/2023 15:33:11 PagSeguro.Session[info]: POST: https://ws.sandbox.pagseguro.uol.com.br/v2/sessions?email=naldoads14%40outlook.com&token=2FB2A98292F14CB8BE7736ECEAF4D386
26/12/2023 15:33:13 PagSeguro.Session[info]: Session ID: dfaa1a578350411daa42b7ea5a3fe6be
26/12/2023 15:33:29 PagSeguro.Session[info]: Begin
26/12/2023 15:33:29 PagSeguro.Session[info]: POST: https://ws.sandbox.pagseguro.uol.com.br/v2/sessions?email=naldoads14%40outlook.com&token=2FB2A98292F14CB8BE7736ECEAF4D386
26/12/2023 15:33:30 PagSeguro.Session[info]: Session ID: 32502501cf5f4f18bd255d9deb0d27f1
26/12/2023 15:33:55 PagSeguro.DirectPayment.CreditCard[info]: Begin
26/12/2023 15:33:55 PagSeguro.DirectPayment.CreditCard[info]: POST: https://ws.sandbox.pagseguro.uol.com.br/v2/transactions/?email=naldoads14%40outlook.com&token=2FB2A98292F14CB8BE7736ECEAF4D386
26/12/2023 15:33:55 PagSeguro.Checkout[info]: Params: {"reference":"PED_59","billingAddressStreet":"Rua Projetada, 02","billingAddressNumber":"201","billingAddressComplement":"Apt. 100","billingAddressCity":"Serra","billingAddressState":"ES","billingAddressDistrict":"Porto canoa","billingAddressPostalCode":"29168602","billingAddressCountry":"BRA","currency":"BRL","creditCardHolderName":"Cliente Teste Cliente Teste","creditCardHolderBirthDate":"01\/01\/1980","creditCardHolderAreaCode":27,"creditCardHolderPhone":999999999,"creditCardHolderCPF":"11111111111","installmentQuantity":"3","installmentValue":"10.60","itemId1":6,"itemDescription1":"Produto 6","itemQuantity1":1,"itemAmount1":"10.00","itemId2":4,"itemDescription2":"Produto 4","itemQuantity2":1,"itemAmount2":"10.00","itemId3":3,"itemDescription3":"Produto 3","itemQuantity3":1,"itemAmount3":"10.00","paymentMethod":"creditCard","paymentMode":"DEFAULT","senderName":"Cliente Teste Cliente Teste","senderEmail":"cliente@cliente.com","senderAreaCode":27,"senderPhone":"(**) 99999-****","senderCPF":"111.***.***-**","senderHash":"639c2bc936904d2dcc50da28fe179185e48834540668bd28d83bf17a313d251f","shippingAddressStreet":"Rua Projetada, 02","shippingAddressNumber":"201","shippingAddressComplement":"Apt. 100","shippingAddressCity":"Serra","shippingAddressState":"ES","shippingAddressDistrict":"Porto canoa","shippingAddressPostalCode":"29168602","shippingAddressCountry":"BRA","creditCardToken":"c12840154ddf4b558d96135eb10fde00"}
26/12/2023 15:34:00 PagSeguro.DirectPayment.CreditCard[info]: Credit Card Payment Code: 809E00D3-7CC7-4B3F-9826-4ECF4315B7C9
26/12/2023 15:36:39 PagSeguro.Session[info]: Begin
26/12/2023 15:36:39 PagSeguro.Session[info]: POST: https://ws.sandbox.pagseguro.uol.com.br/v2/sessions?email=naldoads14%40outlook.com&token=2FB2A98292F14CB8BE7736ECEAF4D386
26/12/2023 15:36:40 PagSeguro.Session[info]: Session ID: 149ef9c03e7944059f94fedf56738ce4
26/12/2023 15:37:06 PagSeguro.Session[info]: Begin
26/12/2023 15:37:06 PagSeguro.Session[info]: POST: https://ws.sandbox.pagseguro.uol.com.br/v2/sessions?email=naldoads14%40outlook.com&token=2FB2A98292F14CB8BE7736ECEAF4D386
26/12/2023 15:37:06 PagSeguro.Session[info]: Session ID: 3be0a23e1ff74e97a1c18b4324421bf0
26/12/2023 15:37:29 PagSeguro.DirectPayment.CreditCard[info]: Begin
26/12/2023 15:37:29 PagSeguro.DirectPayment.CreditCard[info]: POST: https://ws.sandbox.pagseguro.uol.com.br/v2/transactions/?email=naldoads14%40outlook.com&token=2FB2A98292F14CB8BE7736ECEAF4D386
26/12/2023 15:37:29 PagSeguro.Checkout[info]: Params: {"reference":"PED_60","billingAddressStreet":"Rua Projetada, 02","billingAddressNumber":"201","billingAddressComplement":"Apt. 100","billingAddressCity":"Serra","billingAddressState":"ES","billingAddressDistrict":"Porto canoa","billingAddressPostalCode":"29168602","billingAddressCountry":"BRA","currency":"BRL","creditCardHolderName":"Cliente Teste Cliente Teste","creditCardHolderBirthDate":"01\/01\/1980","creditCardHolderAreaCode":27,"creditCardHolderPhone":999999999,"creditCardHolderCPF":"11111111111","installmentQuantity":"5","installmentValue":"1091.50","itemId1":1,"itemDescription1":"Notebook","itemQuantity1":1,"itemAmount1":"5000.00","paymentMethod":"creditCard","paymentMode":"DEFAULT","senderName":"Cliente Teste Cliente Teste","senderEmail":"cliente@cliente.com","senderAreaCode":27,"senderPhone":"(**) 99999-****","senderCPF":"111.***.***-**","senderHash":"d41138a1502a4a62582789f8e78d14a80a6c03744ffce3f7765cb472f762dc4b","shippingAddressStreet":"Rua Projetada, 02","shippingAddressNumber":"201","shippingAddressComplement":"Apt. 100","shippingAddressCity":"Serra","shippingAddressState":"ES","shippingAddressDistrict":"Porto canoa","shippingAddressPostalCode":"29168602","shippingAddressCountry":"BRA","creditCardToken":"548c38e2d5b74fc897806dfa5aff3ba7"}
26/12/2023 15:37:33 PagSeguro.DirectPayment.CreditCard[info]: Credit Card Payment Code: B503FBAB-0BBF-4013-8A0B-8FA733954049
26/12/2023 15:38:40 PagSeguro.Session[info]: Begin
26/12/2023 15:38:40 PagSeguro.Session[info]: POST: https://ws.sandbox.pagseguro.uol.com.br/v2/sessions?email=naldoads14%40outlook.com&token=2FB2A98292F14CB8BE7736ECEAF4D386
26/12/2023 15:38:41 PagSeguro.Session[info]: Session ID: dd5115a823ec447d9c29ffcd7fbcb283
26/12/2023 15:39:01 PagSeguro.DirectPayment.CreditCard[info]: Begin
26/12/2023 15:39:01 PagSeguro.DirectPayment.CreditCard[info]: POST: https://ws.sandbox.pagseguro.uol.com.br/v2/transactions/?email=naldoads14%40outlook.com&token=2FB2A98292F14CB8BE7736ECEAF4D386
26/12/2023 15:39:01 PagSeguro.Checkout[info]: Params: {"reference":"PED_61","billingAddressStreet":"Rua Projetada, 02","billingAddressNumber":"201","billingAddressComplement":"Apt. 100","billingAddressCity":"Serra","billingAddressState":"ES","billingAddressDistrict":"Porto canoa","billingAddressPostalCode":"29168602","billingAddressCountry":"BRA","currency":"BRL","creditCardHolderName":"Cliente Teste Cliente Teste","creditCardHolderBirthDate":"01\/01\/1980","creditCardHolderAreaCode":27,"creditCardHolderPhone":999999999,"creditCardHolderCPF":"11111111111","installmentQuantity":"1","installmentValue":"10.00","itemId1":4,"itemDescription1":"Produto 4","itemQuantity1":1,"itemAmount1":"10.00","paymentMethod":"creditCard","paymentMode":"DEFAULT","senderName":"Cliente Teste Cliente Teste","senderEmail":"cliente@cliente.com","senderAreaCode":27,"senderPhone":"(**) 99999-****","senderCPF":"111.***.***-**","senderHash":"264ce63462322c9df755b36500282eddc4e78862a4939ade0e3f82b4fc655553","shippingAddressStreet":"Rua Projetada, 02","shippingAddressNumber":"201","shippingAddressComplement":"Apt. 100","shippingAddressCity":"Serra","shippingAddressState":"ES","shippingAddressDistrict":"Porto canoa","shippingAddressPostalCode":"29168602","shippingAddressCountry":"BRA","creditCardToken":"ee6e1f3b48c84e02bfe505833a4a5634"}
26/12/2023 15:39:05 PagSeguro.DirectPayment.CreditCard[info]: Credit Card Payment Code: 251E5230-24AA-4A8E-8552-99C085D43633
26/12/2023 17:21:37 PagSeguro.Session[info]: Begin
26/12/2023 17:21:37 PagSeguro.Session[info]: POST: https://ws.sandbox.pagseguro.uol.com.br/v2/sessions?email=naldoads14%40outlook.com&token=2FB2A98292F14CB8BE7736ECEAF4D386
26/12/2023 17:21:38 PagSeguro.Session[info]: Session ID: ec72f0949ad94dc292d4b281200a53a9
26/12/2023 17:22:18 PagSeguro.Session[info]: Begin
26/12/2023 17:22:18 PagSeguro.Session[info]: POST: https://ws.sandbox.pagseguro.uol.com.br/v2/sessions?email=naldoads14%40outlook.com&token=2FB2A98292F14CB8BE7736ECEAF4D386
26/12/2023 17:22:19 PagSeguro.Session[info]: Session ID: 06a54b2378934924aa3365ae77ef15f5
26/12/2023 17:22:38 PagSeguro.DirectPayment.CreditCard[info]: Begin
26/12/2023 17:22:38 PagSeguro.DirectPayment.CreditCard[info]: POST: https://ws.sandbox.pagseguro.uol.com.br/v2/transactions/?email=naldoads14%40outlook.com&token=2FB2A98292F14CB8BE7736ECEAF4D386
26/12/2023 17:22:38 PagSeguro.Checkout[info]: Params: {"reference":"PED_62","billingAddressStreet":"Rua Projetada, 02","billingAddressNumber":"201","billingAddressComplement":"Apt. 100","billingAddressCity":"Serra","billingAddressState":"ES","billingAddressDistrict":"Porto canoa","billingAddressPostalCode":"29168602","billingAddressCountry":"BRA","currency":"BRL","creditCardHolderName":"Cliente Teste Cliente Teste","creditCardHolderBirthDate":"01\/01\/1980","creditCardHolderAreaCode":27,"creditCardHolderPhone":999999999,"creditCardHolderCPF":"11111111111","installmentQuantity":"1","installmentValue":"10.00","itemId1":4,"itemDescription1":"Produto 4","itemQuantity1":1,"itemAmount1":"10.00","paymentMethod":"creditCard","paymentMode":"DEFAULT","senderName":"Cliente Teste Cliente Teste","senderEmail":"cliente@cliente.com","senderAreaCode":27,"senderPhone":"(**) 99999-****","senderCPF":"111.***.***-**","senderHash":"7c23ea5f44e4dfa9ab4a78fdbe537649d1ea6e11196d46b45629ad95b5e30af3","shippingAddressStreet":"Rua Projetada, 02","shippingAddressNumber":"201","shippingAddressComplement":"Apt. 100","shippingAddressCity":"Serra","shippingAddressState":"ES","shippingAddressDistrict":"Porto canoa","shippingAddressPostalCode":"29168602","shippingAddressCountry":"BRA","creditCardToken":"815189a3c8ab4708aea9cb56108df7bd"}
26/12/2023 17:22:43 PagSeguro.DirectPayment.CreditCard[info]: Credit Card Payment Code: 67A8C894-AB99-4A92-A8E0-5DA279401748
26/12/2023 17:32:36 PagSeguro.Session[info]: Begin
26/12/2023 17:32:36 PagSeguro.Session[info]: POST: https://ws.sandbox.pagseguro.uol.com.br/v2/sessions?email=naldoads14%40outlook.com&token=2FB2A98292F14CB8BE7736ECEAF4D386
26/12/2023 17:32:38 PagSeguro.Session[info]: Session ID: 4845e4bb88ae4e6ca444c775c335fbe4
26/12/2023 17:43:51 PagSeguro.Session[info]: Begin
26/12/2023 17:43:51 PagSeguro.Session[info]: POST: https://ws.sandbox.pagseguro.uol.com.br/v2/sessions?email=naldoads14%40outlook.com&token=2FB2A98292F14CB8BE7736ECEAF4D386
26/12/2023 17:43:53 PagSeguro.Session[info]: Session ID: 1534d638093249a0adebbaf30e8a2343
26/12/2023 17:45:05 PagSeguro.DirectPayment.CreditCard[info]: Begin
26/12/2023 17:45:05 PagSeguro.DirectPayment.CreditCard[info]: POST: https://ws.sandbox.pagseguro.uol.com.br/v2/transactions/?email=naldoads14%40outlook.com&token=2FB2A98292F14CB8BE7736ECEAF4D386
26/12/2023 17:45:05 PagSeguro.Checkout[info]: Params: {"reference":"PED_63","billingAddressStreet":"Rua Projetada, 02","billingAddressNumber":"201","billingAddressComplement":"Apt. 100","billingAddressCity":"Serra","billingAddressState":"ES","billingAddressDistrict":"Porto canoa","billingAddressPostalCode":"29168602","billingAddressCountry":"BRA","currency":"BRL","creditCardHolderName":"Cliente Teste Cliente Teste","creditCardHolderBirthDate":"01\/01\/1980","creditCardHolderAreaCode":27,"creditCardHolderPhone":999999999,"creditCardHolderCPF":"11111111111","installmentQuantity":"1","installmentValue":"10.00","itemId1":4,"itemDescription1":"Produto 4","itemQuantity1":1,"itemAmount1":"10.00","paymentMethod":"creditCard","paymentMode":"DEFAULT","senderName":"Cliente Teste Cliente Teste","senderEmail":"cliente@cliente.com","senderAreaCode":27,"senderPhone":"(**) 99999-****","senderCPF":"111.***.***-**","senderHash":"b87dd88df7af7d242c85a481dcc5a97de147d2c2138c63bd1bcf38a4c177db5e","shippingAddressStreet":"Rua Projetada, 02","shippingAddressNumber":"201","shippingAddressComplement":"Apt. 100","shippingAddressCity":"Serra","shippingAddressState":"ES","shippingAddressDistrict":"Porto canoa","shippingAddressPostalCode":"29168602","shippingAddressCountry":"BRA","creditCardToken":"50b1a6a56f2740c59099a00f25e46100"}
26/12/2023 17:45:10 PagSeguro.DirectPayment.CreditCard[info]: Credit Card Payment Code: 75A64B25-6172-4794-906B-C86A53D0F309
26/12/2023 20:33:09 PagSeguro.Session[info]: Begin
26/12/2023 20:33:09 PagSeguro.Session[info]: POST: https://ws.sandbox.pagseguro.uol.com.br/v2/sessions?email=naldoads14%40outlook.com&token=2FB2A98292F14CB8BE7736ECEAF4D386
26/12/2023 20:33:11 PagSeguro.Session[info]: Session ID: b33f89ee40fc459f81157f82028b3bc6