
27/12/2023 11:11:38 PagSeguro.Session[info]: Begin
27/12/2023 11:11:38 PagSeguro.Session[info]: POST: https://ws.sandbox.pagseguro.uol.com.br/v2/sessions?email=naldoads14%40outlook.com&token=2FB2A98292F14CB8BE7736ECEAF4D386
27/12/2023 11:11:40 PagSeguro.Session[info]: Session ID: f5bcce7d1d754e489a6c89bf219e9d25
27/12/2023 11:17:55 PagSeguro.Session[info]: Begin
27/12/2023 11:17:55 PagSeguro.Session[info]: POST: https://ws.sandbox.pagseguro.uol.com.br/v2/sessions?email=naldoads14%40outlook.com&token=2FB2A98292F14CB8BE7736ECEAF4D386
27/12/2023 11:17:57 PagSeguro.Session[info]: Session ID: 68c046c8cc914968b7244fa113bbad99
27/12/2023 11:18:19 PagSeguro.DirectPayment.CreditCard[info]: Begin
27/12/2023 11:18:19 PagSeguro.DirectPayment.CreditCard[info]: POST: https://ws.sandbox.pagseguro.uol.com.br/v2/transactions/?email=naldoads14%40outlook.com&token=2FB2A98292F14CB8BE7736ECEAF4D386
27/12/2023 11:18:19 PagSeguro.Checkout[info]: Params: {"reference":"PED_64","billingAddressStreet":"Rua Projetada, 02","billingAddressNumber":"201","billingAddressComplement":"Apt. 100","billingAddressCity":"Serra","billingAddressState":"ES","billingAddressDistrict":"Porto canoa","billingAddressPostalCode":"29168602","billingAddressCountry":"BRA","currency":"BRL","creditCardHolderName":"Cliente Teste Cliente Teste","creditCardHolderBirthDate":"01\/01\/1980","creditCardHolderAreaCode":27,"creditCardHolderPhone":999999999,"creditCardHolderCPF":"11111111111","installmentQuantity":"1","installmentValue":"150.00","itemId1":4,"itemDescription1":"Teclado & Mouse","itemQuantity1":1,"itemAmount1":"150.00","paymentMethod":"creditCard","paymentMode":"DEFAULT","senderName":"Cliente Teste Cliente Teste","senderEmail":"cliente@cliente.com","senderAreaCode":27,"senderPhone":"(**) 99999-****","senderCPF":"111.***.***-**","senderHash":"373452eb0bea23a9d1712c664591fd90c9fa33b0e95b4e5daaa491f190c6e712","shippingAddressStreet":"Rua Projetada, 02","shippingAddressNumber":"201","shippingAddressComplement":"Apt. 100","shippingAddressCity":"Serra","shippingAddressState":"ES","shippingAddressDistrict":"Porto canoa","shippingAddressPostalCode":"29168602","shippingAddressCountry":"BRA","creditCardToken":"de3559ed061f4ed8bb5ff42e41c90cec"}
27/12/2023 11:18:24 PagSeguro.DirectPayment.CreditCard[info]: Credit Card Payment Code: BEFA9DD8-A97A-48E4-9635-1812997E2F30
27/12/2023 14:14:07 PagSeguro.Session[info]: Begin
27/12/2023 14:14:07 PagSeguro.Session[info]: POST: https://ws.sandbox.pagseguro.uol.com.br/v2/sessions?email=naldoads14%40outlook.com&token=2FB2A98292F14CB8BE7736ECEAF4D386
27/12/2023 14:14:08 PagSeguro.Session[info]: Session ID: 683631669dd5464eb99978ccbc075c04
27/12/2023 14:18:38 PagSeguro.Session[info]: Begin
27/12/2023 14:18:38 PagSeguro.Session[info]: POST: https://ws.sandbox.pagseguro.uol.com.br/v2/sessions?email=naldoads14%40outlook.com&token=2FB2A98292F14CB8BE7736ECEAF4D386
27/12/2023 14:18:39 PagSeguro.Session[info]: Session ID: b7b33ba09e5c4022a61311d65e2092fc
27/12/2023 14:20:21 PagSeguro.DirectPayment.CreditCard[info]: Begin
27/12/2023 14:20:21 PagSeguro.DirectPayment.CreditCard[info]: POST: https://ws.sandbox.pagseguro.uol.com.br/v2/transactions/?email=naldoads14%40outlook.com&token=2FB2A98292F14CB8BE7736ECEAF4D386
27/12/2023 14:20:21 PagSeguro.Checkout[info]: Params: {"reference":"PED_1","billingAddressStreet":"Rua Projetada, 02","billingAddressNumber":"201","billingAddressComplement":"Apt. 100","billingAddressCity":"Serra","billingAddressState":"ES","billingAddressDistrict":"Porto canoa","billingAddressPostalCode":"29168602","billingAddressCountry":"BRA","currency":"BRL","creditCardHolderName":"Cliente Cliente","creditCardHolderBirthDate":"01\/01\/1980","creditCardHolderAreaCode":27,"creditCardHolderPhone":999999999,"creditCardHolderCPF":"11111111111","installmentQuantity":"15","installmentValue":"351.40","itemId1":6,"itemDescription1":"Smartphone S23","itemQuantity1":1,"itemAmount1":"3500.00","paymentMethod":"creditCard","paymentMode":"DEFAULT","senderName":"Cliente Cliente","senderEmail":"cliente@cliente.com","senderAreaCode":27,"senderPhone":"(**) 99999-****","senderCPF":"111.***.***-**","senderHash":"8dd1afbe0e896098944ab56d22cdf586d0a581c0a3234902bbb9d83ed3e780c2","shippingAddressStreet":"Rua Projetada, 02","shippingAddressNumber":"201","shippingAddressComplement":"Apt. 100","shippingAddressCity":"Serra","shippingAddressState":"ES","shippingAddressDistrict":"Porto canoa","shippingAddressPostalCode":"29168602","shippingAddressCountry":"BRA","creditCardToken":"63fcea7772b843b0a284875c18ccc959"}
27/12/2023 14:20:23 PagSeguro.DirectPayment.CreditCard[error]: <?xml version="1.0" encoding="ISO-8859-1" standalone="yes"?><errors><error><code>53039</code><message>installment quantity invalid value: 15</message></error></errors>
27/12/2023 14:21:08 PagSeguro.Session[info]: Begin
27/12/2023 14:21:08 PagSeguro.Session[info]: POST: https://ws.sandbox.pagseguro.uol.com.br/v2/sessions?email=naldoads14%40outlook.com&token=2FB2A98292F14CB8BE7736ECEAF4D386
27/12/2023 14:21:08 PagSeguro.Session[info]: Session ID: d966172c54bd4536a52bc9d31b0a0816
27/12/2023 14:24:03 PagSeguro.DirectPayment.CreditCard[info]: Begin
27/12/2023 14:24:03 PagSeguro.DirectPayment.CreditCard[info]: POST: https://ws.sandbox.pagseguro.uol.com.br/v2/transactions/?email=naldoads14%40outlook.com&token=2FB2A98292F14CB8BE7736ECEAF4D386
27/12/2023 14:24:03 PagSeguro.Checkout[info]: Params: {"reference":"PED_2","billingAddressStreet":"Rua Projetada, 02","billingAddressNumber":"201","billingAddressComplement":"Apt. 100","billingAddressCity":"Serra","billingAddressState":"ES","billingAddressDistrict":"Porto canoa","billingAddressPostalCode":"29168602","billingAddressCountry":"BRA","currency":"BRL","creditCardHolderName":"Cliente Cliente","creditCardHolderBirthDate":"01\/01\/1980","creditCardHolderAreaCode":27,"creditCardHolderPhone":999999999,"creditCardHolderCPF":"11111111111","installmentQuantity":"12","installmentValue":"351.40","itemId1":6,"itemDescription1":"Smartphone S23","itemQuantity1":1,"itemAmount1":"3500.00","paymentMethod":"creditCard","paymentMode":"DEFAULT","senderName":"Cliente Cliente","senderEmail":"cliente@cliente.com","senderAreaCode":27,"senderPhone":"(**) 99999-****","senderCPF":"111.***.***-**","senderHash":"649eabe90de333467b6be368261537f6a65cdb5685e2675fa0abe132089368d5","shippingAddressStreet":"Rua Projetada, 02","shippingAddressNumber":"201","shippingAddressComplement":"Apt. 100","shippingAddressCity":"Serra","shippingAddressState":"ES","shippingAddressDistrict":"Porto canoa","shippingAddressPostalCode":"29168602","shippingAddressCountry":"BRA","creditCardToken":"cd097b35eaca434e97dfc28a065a537e"}
27/12/2023 14:24:09 PagSeguro.DirectPayment.CreditCard[info]: Credit Card Payment Code: CEF1FDDA-6BC8-447A-AEC7-C02128B8E48C