
29/12/2023 12:56:15 PagSeguro.Session[info]: Begin
29/12/2023 12:56:15 PagSeguro.Session[info]: POST: https://ws.sandbox.pagseguro.uol.com.br/v2/sessions?email=naldoads14%40outlook.com&token=2FB2A98292F14CB8BE7736ECEAF4D386
29/12/2023 12:56:17 PagSeguro.Session[info]: Session ID: d7983f6bd2a84c60b210284390ded390
29/12/2023 12:57:53 PagSeguro.DirectPayment.CreditCard[info]: Begin
29/12/2023 12:57:53 PagSeguro.DirectPayment.CreditCard[info]: POST: https://ws.sandbox.pagseguro.uol.com.br/v2/transactions/?email=naldoads14%40outlook.com&token=2FB2A98292F14CB8BE7736ECEAF4D386
29/12/2023 12:57:54 PagSeguro.Checkout[info]: Params: {"reference":"PED_1","billingAddressStreet":"Rua Projetada, 02","billingAddressNumber":"201","billingAddressComplement":"Apt. 100","billingAddressCity":"Serra","billingAddressState":"ES","billingAddressDistrict":"Porto canoa","billingAddressPostalCode":"29168602","billingAddressCountry":"BRA","currency":"BRL","creditCardHolderName":"Cliente 02 Cliente 02","creditCardHolderBirthDate":"NASCIMENTO","creditCardHolderAreaCode":"TELEFONE","creditCardHolderPhone":"2799888888","creditCardHolderCPF":"22222222222","installmentQuantity":"5","installmentValue":"545.75","itemId1":2,"itemDescription1":"Tablet","itemQuantity1":1,"itemAmount1":"2500.00","paymentMethod":"creditCard","paymentMode":"DEFAULT","senderName":"Cliente 02 Cliente 02","senderEmail":"clinica02@clinica.com.br","senderAreaCode":27,"senderPhone":"(**) 99999-****","senderCPF":"222.***.***-**","senderHash":"0561485d516738054506d8b0edfcf63b3b87dafd311c45b385520b15162be47f","shippingAddressStreet":"Rua Projetada, 02","shippingAddressNumber":"201","shippingAddressComplement":"Apt. 100","shippingAddressCity":"Serra","shippingAddressState":"ES","shippingAddressDistrict":"Porto canoa","shippingAddressPostalCode":"29168602","shippingAddressCountry":"BRA","creditCardToken":"8bf50d4074bf4946b3af3a6c57f8dec0"}
29/12/2023 12:57:54 PagSeguro.DirectPayment.CreditCard[error]: <?xml version="1.0" encoding="ISO-8859-1" standalone="yes"?><errors><error><code>53048</code><message>credit card holder birthdate invalid value: NASCIMENTO</message></error><error><code>53050</code><message>credit card holder area code invalid value: TELEFONE</message></error><error><code>53052</code><message>credit card holder phone invalid value: 2799888888</message></error></errors>
29/12/2023 12:58:00 PagSeguro.DirectPayment.CreditCard[info]: Begin
29/12/2023 12:58:00 PagSeguro.DirectPayment.CreditCard[info]: POST: https://ws.sandbox.pagseguro.uol.com.br/v2/transactions/?email=naldoads14%40outlook.com&token=2FB2A98292F14CB8BE7736ECEAF4D386
29/12/2023 12:58:00 PagSeguro.Checkout[info]: Params: {"reference":"PED_2","billingAddressStreet":"Rua Projetada, 02","billingAddressNumber":"201","billingAddressComplement":"Apt. 100","billingAddressCity":"Serra","billingAddressState":"ES","billingAddressDistrict":"Porto canoa","billingAddressPostalCode":"29168602","billingAddressCountry":"BRA","currency":"BRL","creditCardHolderName":"Cliente 02 Cliente 02","creditCardHolderBirthDate":"NASCIMENTO","creditCardHolderAreaCode":"TELEFONE","creditCardHolderPhone":"2799888888","creditCardHolderCPF":"22222222222","installmentQuantity":"5","installmentValue":"545.75","itemId1":2,"itemDescription1":"Tablet","itemQuantity1":1,"itemAmount1":"2500.00","paymentMethod":"creditCard","paymentMode":"DEFAULT","senderName":"Cliente 02 Cliente 02","senderEmail":"clinica02@clinica.com.br","senderAreaCode":27,"senderPhone":"(**) 99999-****","senderCPF":"222.***.***-**","senderHash":"0561485d516738054506d8b0edfcf63b3b87dafd311c45b385520b15162be47f","shippingAddressStreet":"Rua Projetada, 02","shippingAddressNumber":"201","shippingAddressComplement":"Apt. 100","shippingAddressCity":"Serra","shippingAddressState":"ES","shippingAddressDistrict":"Porto canoa","shippingAddressPostalCode":"29168602","shippingAddressCountry":"BRA","creditCardToken":"e42350ad94654b76a3ed6b56163ee0bf"}
29/12/2023 12:58:00 PagSeguro.DirectPayment.CreditCard[error]: <?xml version="1.0" encoding="ISO-8859-1" standalone="yes"?><errors><error><code>53048</code><message>credit card holder birthdate invalid value: NASCIMENTO</message></error><error><code>53052</code><message>credit card holder phone invalid value: 2799888888</message></error><error><code>53050</code><message>credit card holder area code invalid value: TELEFONE</message></error></errors>
29/12/2023 13:05:07 PagSeguro.Session[info]: Begin
29/12/2023 13:05:07 PagSeguro.Session[info]: POST: https://ws.sandbox.pagseguro.uol.com.br/v2/sessions?email=naldoads14%40outlook.com&token=2FB2A98292F14CB8BE7736ECEAF4D386
29/12/2023 13:05:08 PagSeguro.Session[info]: Session ID: c4466814ce4e40cfa9947510d5ce3330
29/12/2023 13:05:42 PagSeguro.DirectPayment.CreditCard[info]: Begin
29/12/2023 13:05:42 PagSeguro.DirectPayment.CreditCard[info]: POST: https://ws.sandbox.pagseguro.uol.com.br/v2/transactions/?email=naldoads14%40outlook.com&token=2FB2A98292F14CB8BE7736ECEAF4D386
29/12/2023 13:05:42 PagSeguro.Checkout[info]: Params: {"reference":"PED_3","billingAddressStreet":"Rua Projetada, 02","billingAddressNumber":"201","billingAddressComplement":"Apt. 100","billingAddressCity":"Serra","billingAddressState":"ES","billingAddressDistrict":"Porto canoa","billingAddressPostalCode":"29168602","billingAddressCountry":"BRA","currency":"BRL","creditCardHolderName":"Cliente 02 Cliente 02","creditCardHolderBirthDate":"01\/01\/1980","creditCardHolderAreaCode":"TELEFONE","creditCardHolderPhone":"2799888888","creditCardHolderCPF":"22222222222","installmentQuantity":"12","installmentValue":"251.00","itemId1":2,"itemDescription1":"Tablet","itemQuantity1":1,"itemAmount1":"2500.00","paymentMethod":"creditCard","paymentMode":"DEFAULT","senderName":"Cliente 02 Cliente 02","senderEmail":"clinica02@clinica.com.br","senderAreaCode":27,"senderPhone":"(**) 99999-****","senderCPF":"222.***.***-**","senderHash":"43539fa75d6a8a4a46fa1882103b1c186a84b2e5163e040553be85ad2e9d2fc1","shippingAddressStreet":"Rua Projetada, 02","shippingAddressNumber":"201","shippingAddressComplement":"Apt. 100","shippingAddressCity":"Serra","shippingAddressState":"ES","shippingAddressDistrict":"Porto canoa","shippingAddressPostalCode":"29168602","shippingAddressCountry":"BRA","creditCardToken":"0637433eaeda4649a6aa72cb0040b75d"}
29/12/2023 13:05:44 PagSeguro.DirectPayment.CreditCard[error]: <?xml version="1.0" encoding="ISO-8859-1" standalone="yes"?><errors><error><code>53052</code><message>credit card holder phone invalid value: 2799888888</message></error><error><code>53050</code><message>credit card holder area code invalid value: TELEFONE</message></error></errors>
29/12/2023 13:06:32 PagSeguro.Session[info]: Begin
29/12/2023 13:06:32 PagSeguro.Session[info]: POST: https://ws.sandbox.pagseguro.uol.com.br/v2/sessions?email=naldoads14%40outlook.com&token=2FB2A98292F14CB8BE7736ECEAF4D386
29/12/2023 13:06:33 PagSeguro.Session[info]: Session ID: 40a6661a24ce4b69814e76eb548924f2
29/12/2023 13:06:57 PagSeguro.DirectPayment.CreditCard[info]: Begin
29/12/2023 13:06:57 PagSeguro.DirectPayment.CreditCard[info]: POST: https://ws.sandbox.pagseguro.uol.com.br/v2/transactions/?email=naldoads14%40outlook.com&token=2FB2A98292F14CB8BE7736ECEAF4D386
29/12/2023 13:06:57 PagSeguro.Checkout[info]: Params: {"reference":"PED_4","billingAddressStreet":"Rua Projetada, 02","billingAddressNumber":"201","billingAddressComplement":"Apt. 100","billingAddressCity":"Serra","billingAddressState":"ES","billingAddressDistrict":"Porto canoa","billingAddressPostalCode":"29168602","billingAddressCountry":"BRA","currency":"BRL","creditCardHolderName":"Cliente 02 Cliente 02","creditCardHolderBirthDate":"01\/01\/1980","creditCardHolderAreaCode":27,"creditCardHolderPhone":999999999,"creditCardHolderCPF":"22222222222","installmentQuantity":"12","installmentValue":"251.00","itemId1":2,"itemDescription1":"Tablet","itemQuantity1":1,"itemAmount1":"2500.00","paymentMethod":"creditCard","paymentMode":"DEFAULT","senderName":"Cliente 02 Cliente 02","senderEmail":"clinica02@clinica.com.br","senderAreaCode":27,"senderPhone":"(**) 99999-****","senderCPF":"222.***.***-**","senderHash":"a6e492f392f018e84efff47cf30e41565387a4f625867e67b843f7c9830a2b78","shippingAddressStreet":"Rua Projetada, 02","shippingAddressNumber":"201","shippingAddressComplement":"Apt. 100","shippingAddressCity":"Serra","shippingAddressState":"ES","shippingAddressDistrict":"Porto canoa","shippingAddressPostalCode":"29168602","shippingAddressCountry":"BRA","creditCardToken":"235dbc4d2e9543f8afa7434d9997950e"}
29/12/2023 13:07:01 PagSeguro.DirectPayment.CreditCard[info]: Credit Card Payment Code: F6E1BE33-70DB-41C4-B2F4-FB0B3A339282
29/12/2023 13:12:35 PagSeguro.Session[info]: Begin
29/12/2023 13:12:35 PagSeguro.Session[info]: POST: https://ws.sandbox.pagseguro.uol.com.br/v2/sessions?email=naldoads14%40outlook.com&token=2FB2A98292F14CB8BE7736ECEAF4D386
29/12/2023 13:12:36 PagSeguro.Session[info]: Session ID: 99903d65348d4dd685f360ed5e368479
29/12/2023 13:13:16 PagSeguro.Session[info]: Begin
29/12/2023 13:13:16 PagSeguro.Session[info]: POST: https://ws.sandbox.pagseguro.uol.com.br/v2/sessions?email=naldoads14%40outlook.com&token=2FB2A98292F14CB8BE7736ECEAF4D386
29/12/2023 13:13:17 PagSeguro.Session[info]: Session ID: 0cc1ce58668143be90d43484b33fcbba
29/12/2023 13:13:39 PagSeguro.DirectPayment.CreditCard[info]: Begin
29/12/2023 13:13:39 PagSeguro.DirectPayment.CreditCard[info]: POST: https://ws.sandbox.pagseguro.uol.com.br/v2/transactions/?email=naldoads14%40outlook.com&token=2FB2A98292F14CB8BE7736ECEAF4D386
29/12/2023 13:13:39 PagSeguro.Checkout[info]: Params: {"reference":"PED_5","billingAddressStreet":"Rua Projetada, 02","billingAddressNumber":"201","billingAddressComplement":"Apt. 100","billingAddressCity":"Serra","billingAddressState":"ES","billingAddressDistrict":"Porto canoa","billingAddressPostalCode":"29168602","billingAddressCountry":"BRA","currency":"BRL","creditCardHolderName":"Cliente 02 Cliente 02","creditCardHolderBirthDate":"31051995","creditCardHolderAreaCode":27,"creditCardHolderPhone":999999999,"creditCardHolderCPF":"22222222222","installmentQuantity":"6","installmentValue":"46.13","itemId1":3,"itemDescription1":"Fone JBL","itemQuantity1":1,"itemAmount1":"250.00","paymentMethod":"creditCard","paymentMode":"DEFAULT","senderName":"Cliente 02 Cliente 02","senderEmail":"clinica02@clinica.com.br","senderAreaCode":27,"senderPhone":"(**) 99999-****","senderCPF":"222.***.***-**","senderHash":"ddfa046b608c4fe404b12f04290a70a4e42f71634a653130229c237aa1146239","shippingAddressStreet":"Rua Projetada, 02","shippingAddressNumber":"201","shippingAddressComplement":"Apt. 100","shippingAddressCity":"Serra","shippingAddressState":"ES","shippingAddressDistrict":"Porto canoa","shippingAddressPostalCode":"29168602","shippingAddressCountry":"BRA","creditCardToken":"6154cb3ff5a545c08b6471800614afb6"}
29/12/2023 13:13:40 PagSeguro.DirectPayment.CreditCard[error]: <?xml version="1.0" encoding="ISO-8859-1" standalone="yes"?><errors><error><code>53048</code><message>credit card holder birthdate invalid value: 31051995</message></error></errors>
29/12/2023 13:14:51 PagSeguro.Session[info]: Begin
29/12/2023 13:14:51 PagSeguro.Session[info]: POST: https://ws.sandbox.pagseguro.uol.com.br/v2/sessions?email=naldoads14%40outlook.com&token=2FB2A98292F14CB8BE7736ECEAF4D386
29/12/2023 13:14:52 PagSeguro.Session[info]: Session ID: 6e6044492ee840d582a754d6eeb228de
29/12/2023 13:15:17 PagSeguro.Session[info]: Begin
29/12/2023 13:15:17 PagSeguro.Session[info]: POST: https://ws.sandbox.pagseguro.uol.com.br/v2/sessions?email=naldoads14%40outlook.com&token=2FB2A98292F14CB8BE7736ECEAF4D386
29/12/2023 13:15:17 PagSeguro.Session[info]: Session ID: 38eaf55c8b3c477fa8b53ea3e7f6410b
29/12/2023 13:15:37 PagSeguro.DirectPayment.CreditCard[info]: Begin
29/12/2023 13:15:37 PagSeguro.DirectPayment.CreditCard[info]: POST: https://ws.sandbox.pagseguro.uol.com.br/v2/transactions/?email=naldoads14%40outlook.com&token=2FB2A98292F14CB8BE7736ECEAF4D386
29/12/2023 13:15:37 PagSeguro.Checkout[info]: Params: {"reference":"PED_6","billingAddressStreet":"Rua Projetada, 02","billingAddressNumber":"201","billingAddressComplement":"Apt. 100","billingAddressCity":"Serra","billingAddressState":"ES","billingAddressDistrict":"Porto canoa","billingAddressPostalCode":"29168602","billingAddressCountry":"BRA","currency":"BRL","creditCardHolderName":"Cliente 02 Cliente 02","creditCardHolderBirthDate":"31051995","creditCardHolderAreaCode":27,"creditCardHolderPhone":999999999,"creditCardHolderCPF":"22222222222","installmentQuantity":"1","installmentValue":"250.00","itemId1":3,"itemDescription1":"Fone JBL","itemQuantity1":1,"itemAmount1":"250.00","paymentMethod":"creditCard","paymentMode":"DEFAULT","senderName":"Cliente 02 Cliente 02","senderEmail":"clinica02@clinica.com.br","senderAreaCode":27,"senderPhone":"(**) 99999-****","senderCPF":"222.***.***-**","senderHash":"167a1e2127464285f28515b8fb423ab9e0e9133689d583ea5de7f825cdd0e17b","shippingAddressStreet":"Rua Projetada, 02","shippingAddressNumber":"201","shippingAddressComplement":"Apt. 100","shippingAddressCity":"Serra","shippingAddressState":"ES","shippingAddressDistrict":"Porto canoa","shippingAddressPostalCode":"29168602","shippingAddressCountry":"BRA","creditCardToken":"016e7f148dea419790a89fa92e474b41"}
29/12/2023 13:15:38 PagSeguro.DirectPayment.CreditCard[error]: <?xml version="1.0" encoding="ISO-8859-1" standalone="yes"?><errors><error><code>53048</code><message>credit card holder birthdate invalid value: 31051995</message></error></errors>
29/12/2023 13:33:55 PagSeguro.Session[info]: Begin
29/12/2023 13:33:55 PagSeguro.Session[info]: POST: https://ws.sandbox.pagseguro.uol.com.br/v2/sessions?email=naldoads14%40outlook.com&token=2FB2A98292F14CB8BE7736ECEAF4D386
29/12/2023 13:33:56 PagSeguro.Session[info]: Session ID: e17c9056f1ea4cbb96eeaa74843084ba